0 info it worked if it ends with ok
1 verbose cli [ '/usr/local/bin/node', '/usr/local/bin/npm', 'run', 'server' ]
2 info using npm@3.10.3
3 info using node@v6.3.1
4 verbose run-script [ 'preserver', 'server', 'postserver' ]
5 info lifecycle fbclient@1.0.0~preserver: fbclient@1.0.0
6 silly lifecycle fbclient@1.0.0~preserver: no script for preserver, continuing
7 info lifecycle fbclient@1.0.0~server: fbclient@1.0.0
8 verbose lifecycle fbclient@1.0.0~server: unsafe-perm in lifecycle true
9 verbose lifecycle fbclient@1.0.0~server: PATH: /usr/local/lib/node_modules/npm/bin/node-gyp-bin:/Users/Jasim/Desktop/Learning Electron - Drafts/code/chapter02/node_modules/.bin:/usr/local/bin:/Users/Jasim/Downloads/android-sdk-macosx/tools:/Users/Jasim/Downloads/android-sdk-macosx/platform-tools:/usr/local/bin:/usr/bin:/bin:/usr/sbin:/sbin:/usr/local/share/dotnet
10 verbose lifecycle fbclient@1.0.0~server: CWD: /Users/Jasim/Desktop/Learning Electron - Drafts/code/chapter02
11 silly lifecycle fbclient@1.0.0~server: Args: [ '-c',
11 silly lifecycle   'webpack-dev-server --inline --progress --port 3000 --config ./devutils/webpack/webpack.cconfig.js --watch' ]
12 silly lifecycle fbclient@1.0.0~server: Returned: code: 1  signal: null
13 info lifecycle fbclient@1.0.0~server: Failed to exec server script
14 verbose stack Error: fbclient@1.0.0 server: `webpack-dev-server --inline --progress --port 3000 --config ./devutils/webpack/webpack.cconfig.js --watch`
14 verbose stack Exit status 1
14 verbose stack     at EventEmitter.<anonymous> (/usr/local/lib/node_modules/npm/lib/utils/lifecycle.js:242:16)
14 verbose stack     at emitTwo (events.js:106:13)
14 verbose stack     at EventEmitter.emit (events.js:191:7)
14 verbose stack     at ChildProcess.<anonymous> (/usr/local/lib/node_modules/npm/lib/utils/spawn.js:40:14)
14 verbose stack     at emitTwo (events.js:106:13)
14 verbose stack     at ChildProcess.emit (events.js:191:7)
14 verbose stack     at maybeClose (internal/child_process.js:852:16)
14 verbose stack     at Process.ChildProcess._handle.onexit (internal/child_process.js:215:5)
15 verbose pkgid fbclient@1.0.0
16 verbose cwd /Users/Jasim/Desktop/Learning Electron - Drafts/code/chapter02
17 error Darwin 15.5.0
18 error argv "/usr/local/bin/node" "/usr/local/bin/npm" "run" "server"
19 error node v6.3.1
20 error npm  v3.10.3
21 error code ELIFECYCLE
22 error fbclient@1.0.0 server: `webpack-dev-server --inline --progress --port 3000 --config ./devutils/webpack/webpack.cconfig.js --watch`
22 error Exit status 1
23 error Failed at the fbclient@1.0.0 server script 'webpack-dev-server --inline --progress --port 3000 --config ./devutils/webpack/webpack.cconfig.js --watch'.
23 error Make sure you have the latest version of node.js and npm installed.
23 error If you do, this is most likely a problem with the fbclient package,
23 error not with npm itself.
23 error Tell the author that this fails on your system:
23 error     webpack-dev-server --inline --progress --port 3000 --config ./devutils/webpack/webpack.cconfig.js --watch
23 error You can get information on how to open an issue for this project with:
23 error     npm bugs fbclient
23 error Or if that isn't available, you can get their info via:
23 error     npm owner ls fbclient
23 error There is likely additional logging output above.
24 verbose exit [ 1, true ]
